{"name": "test_text_box", "status": "broken", "statusDetails": {"message": "selenium.common.exceptions.TimeoutException: Message: \nStacktrace:\nBacktrace:\n\tGetHandleVerifier [0x00AB8893+48451]\n\t(No symbol) [0x00A4B8A1]\n\t(No symbol) [0x00955058]\n\t(No symbol) [0x00980467]\n\t(No symbol) [0x0098069B]\n\t(No symbol) [0x009ADD92]\n\t(No symbol) [0x0099A304]\n\t(No symbol) [0x009AC482]\n\t(No symbol) [0x0099A0B6]\n\t(No symbol) [0x00977E08]\n\t(No symbol) [0x00978F2D]\n\tGetHandleVerifier [0x00D18E3A+2540266]\n\tGetHandleVerifier [0x00D58959+2801161]\n\tGetHandleVerifier [0x00D5295C+2776588]\n\tGetHandleVerifier [0x00B42280+612144]\n\t(No symbol) [0x00A54F6C]\n\t(No symbol) [0x00A511D8]\n\t(No symbol) [0x00A512BB]\n\t(No symbol) [0x00A44857]\n\tBaseThreadInitThunk [0x75F200C9+25]\n\tRtlGetAppContainerNamedObjectPath [0x77787B4E+286]\n\tRtlGetAppContainerNamedObjectPath [0x77787B1E+238]", "trace": "self = <elements_test.TestElements.TestElementBox object at 0x000001E02CEFD410>, driver = <selenium.webdriver.chrome.webdriver.WebDriver (session=\"1950df8cd4824a5aef1ffee73366b73f\")>\n\n    @allure.suite('Smoke_test')\n    def test_text_box(self, driver):\n       all_page = TestElementBox(driver, 'http://i.lab5.era:8080/login')\n       all_page.open()\n>      all_page.test_all_form()\n\ntests\\elements_test.py:13: \n_ _ _ _ _ _ _ _ _ _ _ _ _ _ _ _ _ _ _ _ _ _ _ _ _ _ _ _ _ _ _ _ _ _ _ _ _ _ _ _ _ _ _ _ _ _ _ _ _ _ _ _ _ _ _ _ _ _ _ _ _ _ _ _ _ _ _ _ _ _ _ _ _ _ _ _ _ _ _ _ _ _ _ _ _ _ _ _ _ _ _ _ _ _ _ _ _ _ _ _ _ _ _ _ _ _ _ _ _ _ _ _ _ _ _ _\npages\\elements_page.py:73: in test_all_form\n    self.element_if_visible(self.locators.SERIES_NUMBER).send_keys(series_number)\npages\\base_page.py:16: in element_if_visible\n    return wait(self.driver, timeout).until(EC.visibility_of_element_located(locator))\n_ _ _ _ _ _ _ _ _ _ _ _ _ _ _ _ _ _ _ _ _ _ _ _ _ _ _ _ _ _ _ _ _ _ _ _ _ _ _ _ _ _ _ _ _ _ _ _ _ _ _ _ _ _ _ _ _ _ _ _ _ _ _ _ _ _ _ _ _ _ _ _ _ _ _ _ _ _ _ _ _ _ _ _ _ _ _ _ _ _ _ _ _ _ _ _ _ _ _ _ _ _ _ _ _ _ _ _ _ _ _ _ _ _ _ _\n\nself = <selenium.webdriver.support.wait.WebDriverWait (session=\"1950df8cd4824a5aef1ffee73366b73f\")>, method = <function visibility_of_element_located.<locals>._predicate at 0x000001E02CF679C0>, message = ''\n\n    def until(self, method, message: str = \"\"):\n        \"\"\"Calls the method provided with the driver as an argument until the \\\n        return value does not evaluate to ``False``.\n    \n        :param method: callable(WebDriver)\n        :param message: optional message for :exc:`TimeoutException`\n        :returns: the result of the last call to `method`\n        :raises: :exc:`selenium.common.exceptions.TimeoutException` if timeout occurs\n        \"\"\"\n        screen = None\n        stacktrace = None\n    \n        end_time = time.monotonic() + self._timeout\n        while True:\n            try:\n                value = method(self._driver)\n                if value:\n                    return value\n            except self._ignored_exceptions as exc:\n                screen = getattr(exc, \"screen\", None)\n                stacktrace = getattr(exc, \"stacktrace\", None)\n            time.sleep(self._poll)\n            if time.monotonic() > end_time:\n                break\n>       raise TimeoutException(message, screen, stacktrace)\nE       selenium.common.exceptions.TimeoutException: Message: \nE       Stacktrace:\nE       Backtrace:\nE       \tGetHandleVerifier [0x00AB8893+48451]\nE       \t(No symbol) [0x00A4B8A1]\nE       \t(No symbol) [0x00955058]\nE       \t(No symbol) [0x00980467]\nE       \t(No symbol) [0x0098069B]\nE       \t(No symbol) [0x009ADD92]\nE       \t(No symbol) [0x0099A304]\nE       \t(No symbol) [0x009AC482]\nE       \t(No symbol) [0x0099A0B6]\nE       \t(No symbol) [0x00977E08]\nE       \t(No symbol) [0x00978F2D]\nE       \tGetHandleVerifier [0x00D18E3A+2540266]\nE       \tGetHandleVerifier [0x00D58959+2801161]\nE       \tGetHandleVerifier [0x00D5295C+2776588]\nE       \tGetHandleVerifier [0x00B42280+612144]\nE       \t(No symbol) [0x00A54F6C]\nE       \t(No symbol) [0x00A511D8]\nE       \t(No symbol) [0x00A512BB]\nE       \t(No symbol) [0x00A44857]\nE       \tBaseThreadInitThunk [0x75F200C9+25]\nE       \tRtlGetAppContainerNamedObjectPath [0x77787B4E+286]\nE       \tRtlGetAppContainerNamedObjectPath [0x77787B1E+238]\n\nvenv\\Lib\\site-packages\\selenium\\webdriver\\support\\wait.py:95: TimeoutException"}, "steps": [{"name": "Проверка телефона", "status": "passed", "start": 1684415359229, "stop": 1684415359945}, {"name": "Введены ФИО", "status": "passed", "start": 1684415359945, "stop": 1684415360652}, {"name": "Введены профили", "status": "passed", "start": 1684415360694, "stop": 1684415361346}, {"name": "Загружен скан документов", "status": "passed", "start": 1684415361346, "stop": 1684415361933}, {"name": "Введены паспортные данные", "status": "broken", "statusDetails": {"message": "selenium.common.exceptions.TimeoutException: Message: \nStacktrace:\nBacktrace:\n\tGetHandleVerifier [0x00AB8893+48451]\n\t(No symbol) [0x00A4B8A1]\n\t(No symbol) [0x00955058]\n\t(No symbol) [0x00980467]\n\t(No symbol) [0x0098069B]\n\t(No symbol) [0x009ADD92]\n\t(No symbol) [0x0099A304]\n\t(No symbol) [0x009AC482]\n\t(No symbol) [0x0099A0B6]\n\t(No symbol) [0x00977E08]\n\t(No symbol) [0x00978F2D]\n\tGetHandleVerifier [0x00D18E3A+2540266]\n\tGetHandleVerifier [0x00D58959+2801161]\n\tGetHandleVerifier [0x00D5295C+2776588]\n\tGetHandleVerifier [0x00B42280+612144]\n\t(No symbol) [0x00A54F6C]\n\t(No symbol) [0x00A511D8]\n\t(No symbol) [0x00A512BB]\n\t(No symbol) [0x00A44857]\n\tBaseThreadInitThunk [0x75F200C9+25]\n\tRtlGetAppContainerNamedObjectPath [0x77787B4E+286]\n\tRtlGetAppContainerNamedObjectPath [0x77787B1E+238]\n\n", "trace": "  File \"C:\\PyCharm\\Code\\pages\\elements_page.py\", line 73, in test_all_form\n    self.element_if_visible(self.locators.SERIES_NUMBER).send_keys(series_number)\n    ^^^^^^^^^^^^^^^^^^^^^^^^^^^^^^^^^^^^^^^^^^^^^^^^^^^^\n  File \"C:\\PyCharm\\Code\\pages\\base_page.py\", line 16, in element_if_visible\n    return wait(self.driver, timeout).until(EC.visibility_of_element_located(locator))\n           ^^^^^^^^^^^^^^^^^^^^^^^^^^^^^^^^^^^^^^^^^^^^^^^^^^^^^^^^^^^^^^^^^^^^^^^^^^^\n  File \"C:\\PyCharm\\Code\\venv\\Lib\\site-packages\\selenium\\webdriver\\support\\wait.py\", line 95, in until\n    raise TimeoutException(message, screen, stacktrace)\n"}, "start": 1684415361934, "stop": 1684415369343}], "start": 1684415359046, "stop": 1684415369348, "uuid": "09f3c33b-8978-4a0e-adfb-ef2d220d6f8a", "historyId": "6a5b30097535f86d82fcad6eab66ee28", "testCaseId": "6a5b30097535f86d82fcad6eab66ee28", "fullName": "tests.elements_test.TestElementBox#test_text_box", "labels": [{"name": "subSuite", "value": "All_test"}, {"name": "suite", "value": "Smoke_test"}, {"name": "parentSuite", "value": "tests"}, {"name": "host", "value": "B4-R403-PCP02"}, {"name": "thread", "value": "10828-MainThread"}, {"name": "framework", "value": "pytest"}, {"name": "language", "value": "cpython3"}, {"name": "package", "value": "tests.elements_test"}]}