{"name": "test_text_box", "status": "broken", "statusDetails": {"message": "selenium.common.exceptions.TimeoutException: Message: \nStacktrace:\nBacktrace:\n\tGetHandleVerifier [0x002C8893+48451]\n\t(No symbol) [0x0025B8A1]\n\t(No symbol) [0x00165058]\n\t(No symbol) [0x00190467]\n\t(No symbol) [0x0019069B]\n\t(No symbol) [0x001BDD92]\n\t(No symbol) [0x001AA304]\n\t(No symbol) [0x001BC482]\n\t(No symbol) [0x001AA0B6]\n\t(No symbol) [0x00187E08]\n\t(No symbol) [0x00188F2D]\n\tGetHandleVerifier [0x00528E3A+2540266]\n\tGetHandleVerifier [0x00568959+2801161]\n\tGetHandleVerifier [0x0056295C+2776588]\n\tGetHandleVerifier [0x00352280+612144]\n\t(No symbol) [0x00264F6C]\n\t(No symbol) [0x002611D8]\n\t(No symbol) [0x002612BB]\n\t(No symbol) [0x00254857]\n\tBaseThreadInitThunk [0x751900C9+25]\n\tRtlGetAppContainerNamedObjectPath [0x76EF7B4E+286]\n\tRtlGetAppContainerNamedObjectPath [0x76EF7B1E+238]\n\t(No symbol) [0x00000000]", "trace": "self = <elements_test.TestElements.TestElementBox object at 0x00000247274AC1D0>, driver = <selenium.webdriver.chrome.webdriver.WebDriver (session=\"f3c3b80d20ba137c204378f6ebae5af4\")>\n\n    @allure.suite('Smoke_test')\n    def test_text_box(self, driver):\n       all_page = TestElementBox(driver, 'http://i.lab5.era:8080/login')\n       all_page.open()\n>      all_page.test_all_form()\n\ntests\\elements_test.py:13: \n_ _ _ _ _ _ _ _ _ _ _ _ _ _ _ _ _ _ _ _ _ _ _ _ _ _ _ _ _ _ _ _ _ _ _ _ _ _ _ _ _ _ _ _ _ _ _ _ _ _ _ _ _ _ _ _ _ _ _ _ _ _ _ _ _ _ _ _ _ _ _ _ _ _ _ _ _ _ _ _ _ _ _ _ _ _ _ _ _ _ _ _ _ _ _ _ _ _ _ _ _ _ _ _ _ _ _ _ _ _ _ _ _ _ _\npages\\elements_page.py:43: in test_all_form\n    self.element_if_visible(self.locators.ACCEPT).click()\npages\\base_page.py:16: in element_if_visible\n    return wait(self.driver, timeout).until(EC.visibility_of_element_located(locator))\n_ _ _ _ _ _ _ _ _ _ _ _ _ _ _ _ _ _ _ _ _ _ _ _ _ _ _ _ _ _ _ _ _ _ _ _ _ _ _ _ _ _ _ _ _ _ _ _ _ _ _ _ _ _ _ _ _ _ _ _ _ _ _ _ _ _ _ _ _ _ _ _ _ _ _ _ _ _ _ _ _ _ _ _ _ _ _ _ _ _ _ _ _ _ _ _ _ _ _ _ _ _ _ _ _ _ _ _ _ _ _ _ _ _ _\n\nself = <selenium.webdriver.support.wait.WebDriverWait (session=\"f3c3b80d20ba137c204378f6ebae5af4\")>, method = <function visibility_of_element_located.<locals>._predicate at 0x000002472746AFC0>, message = ''\n\n    def until(self, method, message: str = \"\"):\n        \"\"\"Calls the method provided with the driver as an argument until the \\\n        return value does not evaluate to ``False``.\n    \n        :param method: callable(WebDriver)\n        :param message: optional message for :exc:`TimeoutException`\n        :returns: the result of the last call to `method`\n        :raises: :exc:`selenium.common.exceptions.TimeoutException` if timeout occurs\n        \"\"\"\n        screen = None\n        stacktrace = None\n    \n        end_time = time.monotonic() + self._timeout\n        while True:\n            try:\n                value = method(self._driver)\n                if value:\n                    return value\n            except self._ignored_exceptions as exc:\n                screen = getattr(exc, \"screen\", None)\n                stacktrace = getattr(exc, \"stacktrace\", None)\n            time.sleep(self._poll)\n            if time.monotonic() > end_time:\n                break\n>       raise TimeoutException(message, screen, stacktrace)\nE       selenium.common.exceptions.TimeoutException: Message: \nE       Stacktrace:\nE       Backtrace:\nE       \tGetHandleVerifier [0x002C8893+48451]\nE       \t(No symbol) [0x0025B8A1]\nE       \t(No symbol) [0x00165058]\nE       \t(No symbol) [0x00190467]\nE       \t(No symbol) [0x0019069B]\nE       \t(No symbol) [0x001BDD92]\nE       \t(No symbol) [0x001AA304]\nE       \t(No symbol) [0x001BC482]\nE       \t(No symbol) [0x001AA0B6]\nE       \t(No symbol) [0x00187E08]\nE       \t(No symbol) [0x00188F2D]\nE       \tGetHandleVerifier [0x00528E3A+2540266]\nE       \tGetHandleVerifier [0x00568959+2801161]\nE       \tGetHandleVerifier [0x0056295C+2776588]\nE       \tGetHandleVerifier [0x00352280+612144]\nE       \t(No symbol) [0x00264F6C]\nE       \t(No symbol) [0x002611D8]\nE       \t(No symbol) [0x002612BB]\nE       \t(No symbol) [0x00254857]\nE       \tBaseThreadInitThunk [0x751900C9+25]\nE       \tRtlGetAppContainerNamedObjectPath [0x76EF7B4E+286]\nE       \tRtlGetAppContainerNamedObjectPath [0x76EF7B1E+238]\nE       \t(No symbol) [0x00000000]\n\nvenv\\Lib\\site-packages\\selenium\\webdriver\\support\\wait.py:95: TimeoutException"}, "steps": [{"name": "Проверка телефона", "status": "passed", "start": 1684820810054, "stop": 1684820810814}, {"name": "Введены ФИО", "status": "broken", "statusDetails": {"message": "selenium.common.exceptions.TimeoutException: Message: \nStacktrace:\nBacktrace:\n\tGetHandleVerifier [0x002C8893+48451]\n\t(No symbol) [0x0025B8A1]\n\t(No symbol) [0x00165058]\n\t(No symbol) [0x00190467]\n\t(No symbol) [0x0019069B]\n\t(No symbol) [0x001BDD92]\n\t(No symbol) [0x001AA304]\n\t(No symbol) [0x001BC482]\n\t(No symbol) [0x001AA0B6]\n\t(No symbol) [0x00187E08]\n\t(No symbol) [0x00188F2D]\n\tGetHandleVerifier [0x00528E3A+2540266]\n\tGetHandleVerifier [0x00568959+2801161]\n\tGetHandleVerifier [0x0056295C+2776588]\n\tGetHandleVerifier [0x00352280+612144]\n\t(No symbol) [0x00264F6C]\n\t(No symbol) [0x002611D8]\n\t(No symbol) [0x002612BB]\n\t(No symbol) [0x00254857]\n\tBaseThreadInitThunk [0x751900C9+25]\n\tRtlGetAppContainerNamedObjectPath [0x76EF7B4E+286]\n\tRtlGetAppContainerNamedObjectPath [0x76EF7B1E+238]\n\t(No symbol) [0x00000000]\n\n", "trace": "  File \"C:\\PyCharm\\Code\\pages\\elements_page.py\", line 43, in test_all_form\n    self.element_if_visible(self.locators.ACCEPT).click()\n    ^^^^^^^^^^^^^^^^^^^^^^^^^^^^^^^^^^^^^^^^^^^^^\n  File \"C:\\PyCharm\\Code\\pages\\base_page.py\", line 16, in element_if_visible\n    return wait(self.driver, timeout).until(EC.visibility_of_element_located(locator))\n           ^^^^^^^^^^^^^^^^^^^^^^^^^^^^^^^^^^^^^^^^^^^^^^^^^^^^^^^^^^^^^^^^^^^^^^^^^^^\n  File \"C:\\PyCharm\\Code\\venv\\Lib\\site-packages\\selenium\\webdriver\\support\\wait.py\", line 95, in until\n    raise TimeoutException(message, screen, stacktrace)\n"}, "start": 1684820810814, "stop": 1684820816555}], "start": 1684820809813, "stop": 1684820816556, "uuid": "f5a0b4f5-f8dc-4b3b-b74d-3c686e14cfcd", "historyId": "6a5b30097535f86d82fcad6eab66ee28", "testCaseId": "6a5b30097535f86d82fcad6eab66ee28", "fullName": "tests.elements_test.TestElementBox#test_text_box", "labels": [{"name": "subSuite", "value": "All_test"}, {"name": "suite", "value": "Smoke_test"}, {"name": "parentSuite", "value": "tests"}, {"name": "host", "value": "B4-R403-PCP02"}, {"name": "thread", "value": "18460-MainThread"}, {"name": "framework", "value": "pytest"}, {"name": "language", "value": "cpython3"}, {"name": "package", "value": "tests.elements_test"}]}